<?xml version="1.0" encoding="UTF-8"?>
<testsuite name="com.tddacademy.zoo.controller.ZooControllerTest" tests="12" skipped="0" failures="0" errors="0" timestamp="2025-07-22T04:12:38" hostname="mac" time="0.134">
  <properties/>
  <testcase name="PUT /api/zoos/{id} should update zoo successfully" classname="com.tddacademy.zoo.controller.ZooControllerTest" time="0.083"/>
  <testcase name="GET /api/zoos should return empty list when no zoos exist" classname="com.tddacademy.zoo.controller.ZooControllerTest" time="0.004"/>
  <testcase name="Should handle malformed JSON in POST request" classname="com.tddacademy.zoo.controller.ZooControllerTest" time="0.006"/>
  <testcase name="DELETE /api/zoos/{id} should return 404 when zoo does not exist" classname="com.tddacademy.zoo.controller.ZooControllerTest" time="0.004"/>
  <testcase name="PUT /api/zoos/{id} should return 404 when zoo does not exist" classname="com.tddacademy.zoo.controller.ZooControllerTest" time="0.004"/>
  <testcase name="GET /api/zoos should return all zoos" classname="com.tddacademy.zoo.controller.ZooControllerTest" time="0.006"/>
  <testcase name="GET /api/zoos/{id} should return 404 when zoo does not exist" classname="com.tddacademy.zoo.controller.ZooControllerTest" time="0.002"/>
  <testcase name="Should handle malformed JSON in PUT request" classname="com.tddacademy.zoo.controller.ZooControllerTest" time="0.003"/>
  <testcase name="DELETE /api/zoos/{id} should delete zoo successfully" classname="com.tddacademy.zoo.controller.ZooControllerTest" time="0.003"/>
  <testcase name="POST /api/zoos should create zoo successfully" classname="com.tddacademy.zoo.controller.ZooControllerTest" time="0.003"/>
  <testcase name="GET /api/zoos/{id} should return zoo when it exists" classname="com.tddacademy.zoo.controller.ZooControllerTest" time="0.002"/>
  <testcase name="Should return proper content type for all responses" classname="com.tddacademy.zoo.controller.ZooControllerTest" time="0.007"/>
  <system-out><![CDATA[12:12:37.859 [Test worker] INFO org.springframework.test.context.support.AnnotationConfigContextLoaderUtils -- Could not detect default configuration classes for test class [com.tddacademy.zoo.controller.ZooControllerTest]: ZooControllerTest does not declare any static, non-private, non-final, nested classes annotated with @Configuration.
12:12:37.911 [Test worker] INFO org.springframework.boot.test.context.SpringBootTestContextBootstrapper -- Found @SpringBootConfiguration com.tddacademy.zoo.ZooApplication for test class com.tddacademy.zoo.controller.ZooControllerTest

  .   ____          _            __ _ _
 /\\ / ___'_ __ _ _(_)_ __  __ _ \ \ \ \
( ( )\___ | '_ | '_| | '_ \/ _` | \ \ \ \
 \\/  ___)| |_)| | | | | || (_| |  ) ) ) )
  '  |____| .__|_| |_|_| |_\__, | / / / /
 =========|_|==============|___/=/_/_/_/

 :: Spring Boot ::                (v3.5.3)

2025-07-22T12:12:38.038+08:00  INFO 90085 --- [zoo-simulator-lab2] [    Test worker] c.t.zoo.controller.ZooControllerTest     : Starting ZooControllerTest using Java 21.0.7 with PID 90085 (started by jerichopaolo.dolendo in /Users/jerichopaolo.dolendo/Documents/FECP5 - Spring Boot/tdd-academy/session2/lab2)
2025-07-22T12:12:38.039+08:00 DEBUG 90085 --- [zoo-simulator-lab2] [    Test worker] c.t.zoo.controller.ZooControllerTest     : Running with Spring Boot v3.5.3, Spring v6.2.8
2025-07-22T12:12:38.039+08:00  INFO 90085 --- [zoo-simulator-lab2] [    Test worker] c.t.zoo.controller.ZooControllerTest     : No active profile set, falling back to 1 default profile: "default"
2025-07-22T12:12:38.043+08:00 DEBUG 90085 --- [zoo-simulator-lab2] [    Test worker] o.s.w.c.s.GenericWebApplicationContext   : Refreshing org.springframework.web.context.support.GenericWebApplicationContext@421a4ee1
2025-07-22T12:12:38.648+08:00 DEBUG 90085 --- [zoo-simulator-lab2] [    Test worker] s.w.s.m.m.a.RequestMappingHandlerMapping : 7 mappings in 'requestMappingHandlerMapping'
2025-07-22T12:12:38.680+08:00 DEBUG 90085 --- [zoo-simulator-lab2] [    Test worker] o.s.w.s.handler.SimpleUrlHandlerMapping  : Patterns [/webjars/**, /**] in 'resourceHandlerMapping'
2025-07-22T12:12:38.716+08:00 DEBUG 90085 --- [zoo-simulator-lab2] [    Test worker] s.w.s.m.m.a.RequestMappingHandlerAdapter : ControllerAdvice beans: 0 @ModelAttribute, 0 @InitBinder, 1 RequestBodyAdvice, 1 ResponseBodyAdvice
2025-07-22T12:12:38.730+08:00 DEBUG 90085 --- [zoo-simulator-lab2] [    Test worker] .m.m.a.ExceptionHandlerExceptionResolver : ControllerAdvice beans: 0 @ExceptionHandler, 1 ResponseBodyAdvice
2025-07-22T12:12:38.743+08:00  INFO 90085 --- [zoo-simulator-lab2] [    Test worker] o.s.b.t.m.w.SpringBootMockServletContext : Initializing Spring TestDispatcherServlet ''
2025-07-22T12:12:38.743+08:00  INFO 90085 --- [zoo-simulator-lab2] [    Test worker] o.s.t.web.servlet.TestDispatcherServlet  : Initializing Servlet ''
2025-07-22T12:12:38.744+08:00  INFO 90085 --- [zoo-simulator-lab2] [    Test worker] o.s.t.web.servlet.TestDispatcherServlet  : Completed initialization in 1 ms
2025-07-22T12:12:38.783+08:00  INFO 90085 --- [zoo-simulator-lab2] [    Test worker] c.t.zoo.controller.ZooControllerTest     : Started ZooControllerTest in 0.85 seconds (process running for 1.206)
2025-07-22T12:12:38.821+08:00 DEBUG 90085 --- [zoo-simulator-lab2] [    Test worker] s.w.s.m.m.a.RequestMappingHandlerMapping : Mapped to com.tddacademy.zoo.controller.ZooController#updateZoo(Long, Zoo)
2025-07-22T12:12:38.846+08:00 DEBUG 90085 --- [zoo-simulator-lab2] [    Test worker] m.m.a.RequestResponseBodyMethodProcessor : Read "application/json;charset=UTF-8" to [Zoo[id=null, name=Manila Zoo, location=Manila, Philippines, description=A beautiful zoo in the heart (truncated)...]
2025-07-22T12:12:38.851+08:00 DEBUG 90085 --- [zoo-simulator-lab2] [    Test worker] o.s.w.s.m.m.a.HttpEntityMethodProcessor  : Using 'application/json', given [*/*] and supported [application/json, application/*+json]
2025-07-22T12:12:38.851+08:00 DEBUG 90085 --- [zoo-simulator-lab2] [    Test worker] o.s.w.s.m.m.a.HttpEntityMethodProcessor  : Writing [Zoo[id=1, name=Updated Zoo Name, location=Updated Location, description=Updated description, enclosu (truncated)...]
2025-07-22T12:12:38.872+08:00 DEBUG 90085 --- [zoo-simulator-lab2] [    Test worker] s.w.s.m.m.a.RequestMappingHandlerMapping : Mapped to com.tddacademy.zoo.controller.ZooController#getAllZoos()
2025-07-22T12:12:38.873+08:00 DEBUG 90085 --- [zoo-simulator-lab2] [    Test worker] o.s.w.s.m.m.a.HttpEntityMethodProcessor  : Using 'application/json', given [*/*] and supported [application/json, application/*+json]
2025-07-22T12:12:38.873+08:00 DEBUG 90085 --- [zoo-simulator-lab2] [    Test worker] o.s.w.s.m.m.a.HttpEntityMethodProcessor  : Writing [[]]
2025-07-22T12:12:38.876+08:00 DEBUG 90085 --- [zoo-simulator-lab2] [    Test worker] s.w.s.m.m.a.RequestMappingHandlerMapping : Mapped to com.tddacademy.zoo.controller.ZooController#createZoo(Zoo)
2025-07-22T12:12:38.878+08:00 DEBUG 90085 --- [zoo-simulator-lab2] [    Test worker] o.s.web.method.HandlerMethod             : Could not resolve parameter [0] in public org.springframework.http.ResponseEntity<com.tddacademy.zoo.model.Zoo> com.tddacademy.zoo.controller.ZooController.createZoo(com.tddacademy.zoo.model.Zoo): JSON parse error: Unexpected character ('i' (code 105)): was expecting double-quote to start field name
2025-07-22T12:12:38.880+08:00  WARN 90085 --- [zoo-simulator-lab2] [    Test worker] .w.s.m.s.DefaultHandlerExceptionResolver : Resolved [org.springframework.http.converter.HttpMessageNotReadableException: JSON parse error: Unexpected character ('i' (code 105)): was expecting double-quote to start field name]
2025-07-22T12:12:38.884+08:00 DEBUG 90085 --- [zoo-simulator-lab2] [    Test worker] s.w.s.m.m.a.RequestMappingHandlerMapping : Mapped to com.tddacademy.zoo.controller.ZooController#deleteZoo(Long)
2025-07-22T12:12:38.885+08:00 DEBUG 90085 --- [zoo-simulator-lab2] [    Test worker] o.s.w.s.m.m.a.HttpEntityMethodProcessor  : Using 'application/json', given [*/*] and supported [application/json, application/*+json]
2025-07-22T12:12:38.885+08:00 DEBUG 90085 --- [zoo-simulator-lab2] [    Test worker] o.s.w.s.m.m.a.HttpEntityMethodProcessor  : Nothing to write: null body
2025-07-22T12:12:38.888+08:00 DEBUG 90085 --- [zoo-simulator-lab2] [    Test worker] s.w.s.m.m.a.RequestMappingHandlerMapping : Mapped to com.tddacademy.zoo.controller.ZooController#updateZoo(Long, Zoo)
2025-07-22T12:12:38.888+08:00 DEBUG 90085 --- [zoo-simulator-lab2] [    Test worker] m.m.a.RequestResponseBodyMethodProcessor : Read "application/json;charset=UTF-8" to [Zoo[id=null, name=Manila Zoo, location=Manila, Philippines, description=A beautiful zoo in the heart (truncated)...]
2025-07-22T12:12:38.889+08:00 DEBUG 90085 --- [zoo-simulator-lab2] [    Test worker] o.s.w.s.m.m.a.HttpEntityMethodProcessor  : Using 'application/json', given [*/*] and supported [application/json, application/*+json]
2025-07-22T12:12:38.889+08:00 DEBUG 90085 --- [zoo-simulator-lab2] [    Test worker] o.s.w.s.m.m.a.HttpEntityMethodProcessor  : Nothing to write: null body
2025-07-22T12:12:38.892+08:00 DEBUG 90085 --- [zoo-simulator-lab2] [    Test worker] s.w.s.m.m.a.RequestMappingHandlerMapping : Mapped to com.tddacademy.zoo.controller.ZooController#getAllZoos()
2025-07-22T12:12:38.895+08:00 DEBUG 90085 --- [zoo-simulator-lab2] [    Test worker] o.s.w.s.m.m.a.HttpEntityMethodProcessor  : Using 'application/json', given [*/*] and supported [application/json, application/*+json]
2025-07-22T12:12:38.895+08:00 DEBUG 90085 --- [zoo-simulator-lab2] [    Test worker] o.s.w.s.m.m.a.HttpEntityMethodProcessor  : Writing [[Zoo[id=1, name=Manila Zoo, location=Manila, Philippines, description=A beautiful zoo in the heart o (truncated)...]
2025-07-22T12:12:38.898+08:00 DEBUG 90085 --- [zoo-simulator-lab2] [    Test worker] s.w.s.m.m.a.RequestMappingHandlerMapping : Mapped to com.tddacademy.zoo.controller.ZooController#getZooById(Long)
2025-07-22T12:12:38.899+08:00 DEBUG 90085 --- [zoo-simulator-lab2] [    Test worker] o.s.w.s.m.m.a.HttpEntityMethodProcessor  : Using 'application/json', given [*/*] and supported [application/json, application/*+json]
2025-07-22T12:12:38.899+08:00 DEBUG 90085 --- [zoo-simulator-lab2] [    Test worker] o.s.w.s.m.m.a.HttpEntityMethodProcessor  : Nothing to write: null body
2025-07-22T12:12:38.901+08:00 DEBUG 90085 --- [zoo-simulator-lab2] [    Test worker] s.w.s.m.m.a.RequestMappingHandlerMapping : Mapped to com.tddacademy.zoo.controller.ZooController#updateZoo(Long, Zoo)
2025-07-22T12:12:38.902+08:00 DEBUG 90085 --- [zoo-simulator-lab2] [    Test worker] o.s.web.method.HandlerMethod             : Could not resolve parameter [1] in public org.springframework.http.ResponseEntity<com.tddacademy.zoo.model.Zoo> com.tddacademy.zoo.controller.ZooController.updateZoo(java.lang.Long,com.tddacademy.zoo.model.Zoo): JSON parse error: Unexpected character ('i' (code 105)): was expecting double-quote to start field name
2025-07-22T12:12:38.902+08:00  WARN 90085 --- [zoo-simulator-lab2] [    Test worker] .w.s.m.s.DefaultHandlerExceptionResolver : Resolved [org.springframework.http.converter.HttpMessageNotReadableException: JSON parse error: Unexpected character ('i' (code 105)): was expecting double-quote to start field name]
2025-07-22T12:12:38.905+08:00 DEBUG 90085 --- [zoo-simulator-lab2] [    Test worker] s.w.s.m.m.a.RequestMappingHandlerMapping : Mapped to com.tddacademy.zoo.controller.ZooController#deleteZoo(Long)
2025-07-22T12:12:38.906+08:00 DEBUG 90085 --- [zoo-simulator-lab2] [    Test worker] o.s.w.s.m.m.a.HttpEntityMethodProcessor  : Using 'application/json', given [*/*] and supported [application/json, application/*+json]
2025-07-22T12:12:38.906+08:00 DEBUG 90085 --- [zoo-simulator-lab2] [    Test worker] o.s.w.s.m.m.a.HttpEntityMethodProcessor  : Nothing to write: null body
2025-07-22T12:12:38.909+08:00 DEBUG 90085 --- [zoo-simulator-lab2] [    Test worker] s.w.s.m.m.a.RequestMappingHandlerMapping : Mapped to com.tddacademy.zoo.controller.ZooController#createZoo(Zoo)
2025-07-22T12:12:38.909+08:00 DEBUG 90085 --- [zoo-simulator-lab2] [    Test worker] m.m.a.RequestResponseBodyMethodProcessor : Read "application/json;charset=UTF-8" to [Zoo[id=null, name=Manila Zoo, location=Manila, Philippines, description=A beautiful zoo in the heart (truncated)...]
2025-07-22T12:12:38.909+08:00 DEBUG 90085 --- [zoo-simulator-lab2] [    Test worker] o.s.w.s.m.m.a.HttpEntityMethodProcessor  : Using 'application/json', given [*/*] and supported [application/json, application/*+json]
2025-07-22T12:12:38.909+08:00 DEBUG 90085 --- [zoo-simulator-lab2] [    Test worker] o.s.w.s.m.m.a.HttpEntityMethodProcessor  : Writing [Zoo[id=1, name=Manila Zoo, location=Manila, Philippines, description=A beautiful zoo in the heart of (truncated)...]
2025-07-22T12:12:38.912+08:00 DEBUG 90085 --- [zoo-simulator-lab2] [    Test worker] s.w.s.m.m.a.RequestMappingHandlerMapping : Mapped to com.tddacademy.zoo.controller.ZooController#getZooById(Long)
2025-07-22T12:12:38.912+08:00 DEBUG 90085 --- [zoo-simulator-lab2] [    Test worker] o.s.w.s.m.m.a.HttpEntityMethodProcessor  : Using 'application/json', given [*/*] and supported [application/json, application/*+json]
2025-07-22T12:12:38.912+08:00 DEBUG 90085 --- [zoo-simulator-lab2] [    Test worker] o.s.w.s.m.m.a.HttpEntityMethodProcessor  : Writing [Zoo[id=1, name=Manila Zoo, location=Manila, Philippines, description=A beautiful zoo in the heart of (truncated)...]
2025-07-22T12:12:38.915+08:00 DEBUG 90085 --- [zoo-simulator-lab2] [    Test worker] s.w.s.m.m.a.RequestMappingHandlerMapping : Mapped to com.tddacademy.zoo.controller.ZooController#getAllZoos()
2025-07-22T12:12:38.916+08:00 DEBUG 90085 --- [zoo-simulator-lab2] [    Test worker] o.s.w.s.m.m.a.HttpEntityMethodProcessor  : Using 'application/json', given [*/*] and supported [application/json, application/*+json]
2025-07-22T12:12:38.916+08:00 DEBUG 90085 --- [zoo-simulator-lab2] [    Test worker] o.s.w.s.m.m.a.HttpEntityMethodProcessor  : Writing [[Zoo[id=1, name=Manila Zoo, location=Manila, Philippines, description=A beautiful zoo in the heart o (truncated)...]
2025-07-22T12:12:38.916+08:00 DEBUG 90085 --- [zoo-simulator-lab2] [    Test worker] s.w.s.m.m.a.RequestMappingHandlerMapping : Mapped to com.tddacademy.zoo.controller.ZooController#getZooById(Long)
2025-07-22T12:12:38.917+08:00 DEBUG 90085 --- [zoo-simulator-lab2] [    Test worker] o.s.w.s.m.m.a.HttpEntityMethodProcessor  : Using 'application/json', given [*/*] and supported [application/json, application/*+json]
2025-07-22T12:12:38.917+08:00 DEBUG 90085 --- [zoo-simulator-lab2] [    Test worker] o.s.w.s.m.m.a.HttpEntityMethodProcessor  : Writing [Zoo[id=1, name=Manila Zoo, location=Manila, Philippines, description=A beautiful zoo in the heart of (truncated)...]
2025-07-22T12:12:38.917+08:00 DEBUG 90085 --- [zoo-simulator-lab2] [    Test worker] s.w.s.m.m.a.RequestMappingHandlerMapping : Mapped to com.tddacademy.zoo.controller.ZooController#createZoo(Zoo)
2025-07-22T12:12:38.918+08:00 DEBUG 90085 --- [zoo-simulator-lab2] [    Test worker] m.m.a.RequestResponseBodyMethodProcessor : Read "application/json;charset=UTF-8" to [Zoo[id=null, name=Manila Zoo, location=Manila, Philippines, description=A beautiful zoo in the heart (truncated)...]
2025-07-22T12:12:38.918+08:00 DEBUG 90085 --- [zoo-simulator-lab2] [    Test worker] o.s.w.s.m.m.a.HttpEntityMethodProcessor  : Using 'application/json', given [*/*] and supported [application/json, application/*+json]
2025-07-22T12:12:38.918+08:00 DEBUG 90085 --- [zoo-simulator-lab2] [    Test worker] o.s.w.s.m.m.a.HttpEntityMethodProcessor  : Writing [Zoo[id=1, name=Manila Zoo, location=Manila, Philippines, description=A beautiful zoo in the heart of (truncated)...]
2025-07-22T12:12:38.918+08:00 DEBUG 90085 --- [zoo-simulator-lab2] [    Test worker] s.w.s.m.m.a.RequestMappingHandlerMapping : Mapped to com.tddacademy.zoo.controller.ZooController#updateZoo(Long, Zoo)
2025-07-22T12:12:38.919+08:00 DEBUG 90085 --- [zoo-simulator-lab2] [    Test worker] m.m.a.RequestResponseBodyMethodProcessor : Read "application/json;charset=UTF-8" to [Zoo[id=null, name=Manila Zoo, location=Manila, Philippines, description=A beautiful zoo in the heart (truncated)...]
2025-07-22T12:12:38.919+08:00 DEBUG 90085 --- [zoo-simulator-lab2] [    Test worker] o.s.w.s.m.m.a.HttpEntityMethodProcessor  : Using 'application/json', given [*/*] and supported [application/json, application/*+json]
2025-07-22T12:12:38.919+08:00 DEBUG 90085 --- [zoo-simulator-lab2] [    Test worker] o.s.w.s.m.m.a.HttpEntityMethodProcessor  : Writing [Zoo[id=1, name=Manila Zoo, location=Manila, Philippines, description=A beautiful zoo in the heart of (truncated)...]
2025-07-22T12:12:38.919+08:00 DEBUG 90085 --- [zoo-simulator-lab2] [    Test worker] s.w.s.m.m.a.RequestMappingHandlerMapping : Mapped to com.tddacademy.zoo.controller.ZooController#deleteZoo(Long)
2025-07-22T12:12:38.920+08:00 DEBUG 90085 --- [zoo-simulator-lab2] [    Test worker] o.s.w.s.m.m.a.HttpEntityMethodProcessor  : Using 'application/json', given [*/*] and supported [application/json, application/*+json]
2025-07-22T12:12:38.920+08:00 DEBUG 90085 --- [zoo-simulator-lab2] [    Test worker] o.s.w.s.m.m.a.HttpEntityMethodProcessor  : Nothing to write: null body
]]></system-out>
  <system-err><![CDATA[Mockito is currently self-attaching to enable the inline-mock-maker. This will no longer work in future releases of the JDK. Please add Mockito as an agent to your build as described in Mockito's documentation: https://javadoc.io/doc/org.mockito/mockito-core/latest/org.mockito/org/mockito/Mockito.html#0.3
WARNING: A Java agent has been loaded dynamically (/Users/jerichopaolo.dolendo/.gradle/caches/modules-2/files-2.1/net.bytebuddy/byte-buddy-agent/1.17.6/17b32fd9f57deef02842f7f05abc4ad8127fe34e/byte-buddy-agent-1.17.6.jar)
WARNING: If a serviceability tool is in use, please run with -XX:+EnableDynamicAgentLoading to hide this warning
WARNING: If a serviceability tool is not in use, please run with -Djdk.instrument.traceUsage for more information
WARNING: Dynamic loading of agents will be disallowed by default in a future release
]]></system-err>
</testsuite>
